2016-12-14 02:54:43 WARNING:[Jashn]:OutputCommitter set in config null
2021-05-11 10:11:01 FATAL:[Jashn]:Execution Error
2018-07-27 09:42:38 DEBUG:[Anishka]:OutputCommitter set in config null
2016-03-30 02:40:43 FATAL:[Viksit]:Authentication Error
2021-02-15 22:45:52 ERROR:[Viksit]:Connection Failed
2017-08-04 13:20:59 CRITICAL:[Anishka]:Authentication Error
2019-03-08 16:20:07 ERROR:[Manas]:Execution Error
2021-03-13 16:54:48 ERROR:[Anubhav]:OutputCommitter set in config null
2018-07-01 08:27:54 ERROR:[Jashn]:Execution Error
2015-03-26 20:31:33 INFO:[Jashn]:OutputCommitter set in config null
2020-05-29 13:28:56 ERROR:[Viksit]:Execution Error
2019-06-27 14:07:57 INFO:[Anubhav]:Execution Error
2019-01-04 22:28:34 CRITICAL:[Manas]:OutputCommitter set in config null
2018-09-07 06:58:19 FATAL:[Manas]:Connection Failed
2019-08-16 19:37:17 DEBUG:[Viksit]:Execution Error
2018-12-04 06:01:54 ERROR:[Anubhav]:Connection Failed
2015-11-30 01:57:57 ERROR:[Jashn]:Connection Failed
2019-06-21 23:02:04 ERROR:[Manas]:OutputCommitter set in config null
2016-04-11 20:25:56 INFO:[Jashn]:Proxy Error
2020-09-10 07:12:36 ERROR:[Anubhav]:OutputCommitter set in config null
2017-12-01 19:34:07 INFO:[Manas]:Connection Failed
2018-03-07 09:34:28 INFO:[Anishka]:Execution Error
2017-10-14 23:15:27 CRITICAL:[Manas]:Proxy Error
2015-11-28 22:09:36 DEBUG:[Anubhav]:Connection Failed
2019-07-09 21:30:54 WARNING:[Jashn]:Authentication Error
2018-11-17 22:10:45 INFO:[Jashn]:Connection Failed
2016-03-31 02:17:16 ERROR:[Manas]:Connection Failed
2020-08-27 09:10:33 WARNING:[Manas]:Execution Error
2020-12-16 19:46:21 CRITICAL:[Jashn]:Connection Failed
2016-11-25 11:56:20 WARNING:[Anubhav]:Connection Failed
2021-03-29 17:36:58 DEBUG:[Manas]:Execution Error
2020-09-06 07:46:23 DEBUG:[Anishka]:OutputCommitter set in config null
2016-08-21 06:43:48 DEBUG:[Manas]:Execution Error
2020-12-04 20:28:07 DEBUG:[Viksit]:Authentication Error
2015-04-19 19:43:52 FATAL:[Jashn]:OutputCommitter set in config null
2021-09-15 11:57:06 INFO:[Anubhav]:OutputCommitter set in config null
2019-11-16 09:32:25 DEBUG:[Anishka]:Connection Failed
2016-11-08 08:20:04 DEBUG:[Anubhav]:Authentication Error
2016-09-29 11:20:27 DEBUG:[Jashn]:Connection Failed
2016-08-12 16:30:32 CRITICAL:[Manas]:Execution Error
2018-07-21 19:54:14 DEBUG:[Manas]:Connection Failed
2015-08-28 12:34:24 DEBUG:[Viksit]:Authentication Error
2015-04-27 21:20:29 WARNING:[Manas]:Authentication Error
2020-05-29 03:04:51 CRITICAL:[Anishka]:Proxy Error
2015-09-24 18:02:30 DEBUG:[Viksit]:Connection Failed
2019-04-07 12:46:34 CRITICAL:[Viksit]:OutputCommitter set in config null
2020-10-10 01:14:33 WARNING:[Manas]:Execution Error
2015-04-19 02:57:29 INFO:[Anishka]:Authentication Error
2021-11-03 14:33:15 DEBUG:[Jashn]:Proxy Error
2018-06-13 20:07:09 DEBUG:[Manas]:Authentication Error
2018-11-28 18:20:21 CRITICAL:[Manas]:Proxy Error
2018-02-08 10:43:37 DEBUG:[Manas]:Execution Error
2017-09-22 08:59:02 FATAL:[Anishka]:Execution Error
2021-03-23 01:28:12 DEBUG:[Jashn]:Proxy Error
2017-07-19 07:03:16 INFO:[Anishka]:Authentication Error
2021-04-01 06:09:50 CRITICAL:[Anishka]:Connection Failed
2020-08-04 15:09:36 ERROR:[Anubhav]:Execution Error
2016-08-29 22:30:00 WARNING:[Anishka]:Authentication Error
2016-01-02 01:36:29 DEBUG:[Anishka]:Connection Failed
2017-12-10 01:15:12 CRITICAL:[Anubhav]:Execution Error
2017-03-29 17:31:45 FATAL:[Jashn]:Connection Failed
2018-02-01 01:58:43 CRITICAL:[Manas]:Proxy Error
2019-12-08 03:43:50 ERROR:[Viksit]:Proxy Error
2018-09-26 19:50:03 DEBUG:[Anishka]:Authentication Error
2020-07-31 18:20:07 INFO:[Jashn]:Connection Failed
2016-04-06 01:03:23 DEBUG:[Anishka]:Execution Error
2021-07-31 13:40:59 DEBUG:[Manas]:OutputCommitter set in config null
2016-05-26 23:22:48 CRITICAL:[Anubhav]:Proxy Error
2018-03-05 14:54:11 FATAL:[Anishka]:Proxy Error
2016-11-05 21:14:02 ERROR:[Jashn]:Proxy Error
2016-09-15 06:30:55 DEBUG:[Manas]:Proxy Error
2017-10-20 10:26:17 INFO:[Manas]:Execution Error
2019-03-30 19:04:59 ERROR:[Viksit]:Connection Failed
2018-08-10 01:43:44 WARNING:[Viksit]:Execution Error
2017-05-11 00:10:07 FATAL:[Anishka]:Execution Error
2017-02-02 07:25:26 INFO:[Jashn]:Authentication Error
2020-02-14 17:18:18 INFO:[Jashn]:Proxy Error
2019-05-30 02:05:58 DEBUG:[Manas]:Connection Failed
2016-03-26 23:42:19 FATAL:[Viksit]:Execution Error
2017-04-23 02:30:41 DEBUG:[Jashn]:Connection Failed
2021-10-01 14:14:16 WARNING:[Jashn]:OutputCommitter set in config null
2017-03-13 02:32:51 INFO:[Anishka]:Connection Failed
2020-03-05 10:04:27 CRITICAL:[Jashn]:OutputCommitter set in config null
2016-06-23 02:17:33 DEBUG:[Anishka]:Proxy Error
2019-07-10 06:35:40 INFO:[Jashn]:OutputCommitter set in config null
2021-09-18 16:03:21 ERROR:[Jashn]:Execution Error
2020-03-05 22:44:02 INFO:[Jashn]:Connection Failed
2015-05-12 20:25:15 WARNING:[Anubhav]:Proxy Error
2017-03-21 14:07:38 INFO:[Viksit]:Authentication Error
2019-05-08 15:59:41 FATAL:[Anubhav]:Execution Error
2020-10-04 04:43:38 ERROR:[Manas]:OutputCommitter set in config null
2020-04-25 04:56:15 FATAL:[Anishka]:Connection Failed
2017-05-02 15:02:09 INFO:[Manas]:Connection Failed
2021-03-27 04:30:35 ERROR:[Viksit]:OutputCommitter set in config null
2016-12-25 02:13:40 INFO:[Jashn]:Connection Failed
2017-03-19 06:28:04 DEBUG:[Manas]:Execution Error
2017-06-12 00:11:27 CRITICAL:[Anishka]:Connection Failed
2020-08-26 02:16:11 INFO:[Anishka]:Authentication Error
2017-12-20 23:22:56 DEBUG:[Jashn]:Connection Failed
2018-09-12 11:35:12 INFO:[Jashn]:Connection Failed
2021-04-07 06:19:45 CRITICAL:[Anishka]:Execution Error
2020-02-10 05:15:20 ERROR:[Viksit]:Connection Failed
2017-12-27 14:56:48 FATAL:[Anubhav]:Execution Error
2015-03-27 14:13:32 FATAL:[Viksit]:Execution Error
2020-01-05 03:37:07 INFO:[Jashn]:Connection Failed
2019-08-02 22:14:15 WARNING:[Viksit]:OutputCommitter set in config null
2021-11-05 06:25:55 CRITICAL:[Anishka]:Authentication Error
2017-11-25 22:58:28 ERROR:[Viksit]:Connection Failed
2020-09-09 00:15:01 INFO:[Anishka]:OutputCommitter set in config null
2016-09-07 15:22:49 WARNING:[Jashn]:Authentication Error
2019-02-12 11:22:20 ERROR:[Viksit]:Connection Failed
2016-02-10 05:46:56 CRITICAL:[Viksit]:OutputCommitter set in config null
2015-10-30 10:18:13 FATAL:[Anubhav]:Execution Error
2020-12-24 20:38:28 DEBUG:[Viksit]:OutputCommitter set in config null
2015-11-19 12:53:32 INFO:[Viksit]:Execution Error
2019-04-14 07:29:52 CRITICAL:[Anishka]:Authentication Error
2016-05-07 11:14:08 FATAL:[Anishka]:Proxy Error
2016-02-26 22:55:21 ERROR:[Jashn]:Execution Error
2019-03-04 00:17:45 DEBUG:[Manas]:Execution Error
2020-12-16 02:39:26 WARNING:[Anishka]:Connection Failed
2019-11-15 06:22:23 CRITICAL:[Manas]:OutputCommitter set in config null
2021-01-12 08:40:52 INFO:[Anubhav]:Execution Error
2019-05-06 23:54:17 CRITICAL:[Anishka]:Authentication Error
2018-09-10 03:08:38 INFO:[Anubhav]:Proxy Error
2020-06-05 05:50:55 DEBUG:[Jashn]:OutputCommitter set in config null
2015-04-14 20:32:52 FATAL:[Jashn]:Authentication Error
2020-08-17 08:35:40 WARNING:[Viksit]:OutputCommitter set in config null
2015-08-17 20:22:45 CRITICAL:[Anishka]:Authentication Error
2016-11-09 09:45:12 FATAL:[Anishka]:Execution Error
2015-12-05 00:06:00 DEBUG:[Manas]:Proxy Error
2017-07-19 22:06:37 FATAL:[Anubhav]:OutputCommitter set in config null
2021-03-09 03:22:17 DEBUG:[Anishka]:OutputCommitter set in config null
2021-09-10 12:30:31 WARNING:[Jashn]:Proxy Error
2016-08-08 14:58:58 FATAL:[Anubhav]:Proxy Error
2017-03-01 16:36:02 CRITICAL:[Viksit]:Execution Error
2021-02-24 01:32:26 INFO:[Manas]:Execution Error
2016-08-12 03:46:49 CRITICAL:[Viksit]:Connection Failed
2015-06-20 04:35:08 INFO:[Anishka]:Execution Error
2017-01-05 03:44:44 FATAL:[Jashn]:Authentication Error
2015-03-04 16:28:50 INFO:[Viksit]:Proxy Error
2021-05-18 20:42:56 FATAL:[Anishka]:Proxy Error
2017-07-27 19:14:37 ERROR:[Manas]:Proxy Error
2018-08-17 00:22:48 DEBUG:[Anubhav]:Authentication Error
2015-01-04 04:54:19 CRITICAL:[Manas]:Execution Error
2017-06-17 17:32:26 INFO:[Anishka]:Authentication Error
2017-09-22 15:28:47 FATAL:[Anishka]:Connection Failed
2021-05-08 04:50:47 INFO:[Anishka]:OutputCommitter set in config null
2015-02-17 08:09:45 FATAL:[Viksit]:Proxy Error
2021-01-18 11:14:29 DEBUG:[Anubhav]:Proxy Error
2016-06-29 21:33:50 CRITICAL:[Viksit]:Authentication Error
2020-12-22 09:22:18 CRITICAL:[Viksit]:Authentication Error
2016-07-31 02:31:22 INFO:[Manas]:Execution Error
2017-01-13 04:34:48 ERROR:[Anubhav]:OutputCommitter set in config null
2021-03-12 00:00:42 ERROR:[Anubhav]:Authentication Error
2016-02-15 10:42:31 WARNING:[Anishka]:Proxy Error
2016-05-27 00:35:18 FATAL:[Jashn]:OutputCommitter set in config null
2015-04-23 18:45:30 INFO:[Jashn]:Execution Error
2015-07-30 21:53:00 INFO:[Anubhav]:OutputCommitter set in config null
2017-06-19 04:22:20 CRITICAL:[Anubhav]:OutputCommitter set in config null
2021-10-16 06:45:37 INFO:[Viksit]:Connection Failed
2021-05-01 02:57:36 WARNING:[Manas]:Execution Error
2020-09-12 09:57:26 ERROR:[Viksit]:Connection Failed
2021-02-20 03:04:51 ERROR:[Anishka]:Authentication Error
2019-08-15 21:24:39 WARNING:[Manas]:Connection Failed
2017-10-20 00:54:35 ERROR:[Anubhav]:Execution Error
2019-12-23 14:02:55 WARNING:[Viksit]:Authentication Error
2019-03-01 08:45:21 CRITICAL:[Viksit]:Authentication Error
2015-08-06 01:53:45 CRITICAL:[Anubhav]:OutputCommitter set in config null
2018-11-21 23:33:48 INFO:[Anishka]:Authentication Error
2018-02-24 16:12:55 INFO:[Anishka]:Proxy Error
2017-02-18 05:13:22 ERROR:[Viksit]:Execution Error
2018-06-29 11:46:07 WARNING:[Manas]:Connection Failed
2021-03-08 01:45:33 DEBUG:[Viksit]:Proxy Error
2020-03-17 23:57:49 DEBUG:[Jashn]:Connection Failed
2021-11-03 23:19:49 FATAL:[Anubhav]:Authentication Error
2015-06-19 08:09:58 ERROR:[Manas]:Connection Failed
2019-10-06 12:37:47 DEBUG:[Anishka]:Execution Error
2016-12-11 15:03:49 INFO:[Anishka]:Connection Failed
2019-02-08 22:05:57 ERROR:[Manas]:Proxy Error
2017-10-20 05:28:17 CRITICAL:[Viksit]:Connection Failed
2018-09-01 14:37:05 DEBUG:[Manas]:Proxy Error
2018-11-29 19:04:53 WARNING:[Anishka]:Execution Error
2021-07-22 14:35:25 FATAL:[Manas]:OutputCommitter set in config null
2018-04-21 15:31:54 FATAL:[Jashn]:Connection Failed
2017-06-29 17:03:48 WARNING:[Anubhav]:OutputCommitter set in config null
2021-03-27 17:47:02 INFO:[Jashn]:Connection Failed
2021-09-11 15:39:54 CRITICAL:[Anishka]:Connection Failed
2021-11-15 12:24:16 WARNING:[Manas]:Proxy Error
2015-12-07 15:34:56 WARNING:[Manas]:Proxy Error
2017-07-29 15:27:31 FATAL:[Anishka]:Execution Error
2019-07-29 05:40:17 CRITICAL:[Anishka]:Connection Failed
2017-05-04 17:05:40 WARNING:[Anishka]:Connection Failed
2017-11-11 10:22:25 INFO:[Viksit]:Execution Error
2018-03-10 06:50:05 FATAL:[Jashn]:OutputCommitter set in config null
2017-10-27 23:28:16 WARNING:[Anishka]:Proxy Error
2015-06-01 11:59:38 WARNING:[Jashn]:Authentication Error
2019-02-25 17:22:19 WARNING:[Manas]:Proxy Error
2019-01-24 15:26:36 CRITICAL:[Viksit]:Connection Failed
2016-12-29 01:02:36 CRITICAL:[Anishka]:OutputCommitter set in config null
2020-02-22 15:27:01 FATAL:[Manas]:Authentication Error
2018-06-26 07:18:35 ERROR:[Anubhav]:OutputCommitter set in config null
2020-10-22 18:46:06 FATAL:[Jashn]:OutputCommitter set in config null
2016-10-19 03:54:20 FATAL:[Jashn]:Connection Failed
2019-07-20 03:14:56 ERROR:[Viksit]:Proxy Error
2016-11-30 09:28:45 ERROR:[Viksit]:Connection Failed
2015-09-16 20:29:49 ERROR:[Viksit]:OutputCommitter set in config null
2018-01-29 09:42:29 FATAL:[Manas]:Connection Failed
2018-01-09 12:17:21 CRITICAL:[Viksit]:Proxy Error
2017-04-14 23:07:41 INFO:[Manas]:Authentication Error
2017-10-09 14:45:12 WARNING:[Manas]:OutputCommitter set in config null
2019-01-09 22:17:20 DEBUG:[Jashn]:OutputCommitter set in config null
2020-07-17 03:31:49 INFO:[Anishka]:OutputCommitter set in config null
2018-11-16 03:53:57 CRITICAL:[Manas]:Connection Failed
2018-02-02 17:37:48 DEBUG:[Manas]:Authentication Error
2018-11-22 22:31:24 FATAL:[Anubhav]:Proxy Error
2020-01-27 04:01:03 DEBUG:[Viksit]:Execution Error
2019-06-06 12:09:36 WARNING:[Anubhav]:Connection Failed
2015-07-27 15:24:12 FATAL:[Viksit]:Authentication Error
2019-07-03 21:07:25 DEBUG:[Manas]:Authentication Error
2020-08-23 13:30:13 DEBUG:[Viksit]:Authentication Error
2021-12-19 04:15:20 ERROR:[Jashn]:Authentication Error
2015-06-12 21:38:59 INFO:[Jashn]:Authentication Error
2016-05-12 21:30:41 DEBUG:[Anubhav]:OutputCommitter set in config null
2021-08-31 07:49:00 WARNING:[Viksit]:Authentication Error
2020-11-08 19:44:14 DEBUG:[Jashn]:OutputCommitter set in config null
2017-06-21 01:41:11 WARNING:[Jashn]:Execution Error
2018-06-19 14:14:05 FATAL:[Jashn]:Proxy Error
2020-03-08 09:46:59 FATAL:[Manas]:Authentication Error
2019-04-09 05:38:29 WARNING:[Jashn]:OutputCommitter set in config null
2019-07-22 12:57:56 ERROR:[Anishka]:Execution Error
2017-10-31 04:25:27 FATAL:[Anishka]:OutputCommitter set in config null
2018-01-25 16:16:27 INFO:[Anubhav]:Authentication Error
2018-08-23 12:42:00 INFO:[Manas]:Execution Error
2019-07-05 22:07:12 CRITICAL:[Viksit]:Connection Failed
2019-02-28 06:04:22 DEBUG:[Viksit]:Proxy Error
2016-01-14 04:03:00 FATAL:[Anubhav]:Proxy Error
2020-04-24 01:44:06 CRITICAL:[Anubhav]:Connection Failed
2019-06-02 18:04:39 INFO:[Viksit]:Connection Failed
2019-06-09 09:23:17 CRITICAL:[Anishka]:Connection Failed
2018-06-06 18:24:57 ERROR:[Viksit]:Connection Failed
2015-10-22 17:03:54 FATAL:[Anishka]:Execution Error
2015-07-08 00:17:07 WARNING:[Anishka]:OutputCommitter set in config null
2015-03-23 07:57:26 CRITICAL:[Manas]:Execution Error
2016-12-08 23:08:18 DEBUG:[Jashn]:Execution Error
2015-08-18 03:26:28 INFO:[Viksit]:Proxy Error
2016-03-09 05:14:38 ERROR:[Anishka]:Execution Error
2018-10-31 19:04:01 DEBUG:[Manas]:Proxy Error
2021-01-09 09:50:36 CRITICAL:[Anubhav]:OutputCommitter set in config null
2016-08-03 15:23:09 ERROR:[Jashn]:Authentication Error
2016-01-13 02:19:33 FATAL:[Manas]:OutputCommitter set in config null
2016-03-10 19:32:51 CRITICAL:[Viksit]:Proxy Error
2016-04-04 00:55:48 CRITICAL:[Anubhav]:OutputCommitter set in config null
2020-05-03 02:31:02 FATAL:[Viksit]:OutputCommitter set in config null
2019-12-04 06:02:10 INFO:[Anubhav]:Execution Error
2015-05-29 03:11:15 CRITICAL:[Manas]:Connection Failed
2021-04-23 04:04:45 DEBUG:[Jashn]:Authentication Error
2018-03-22 23:16:11 INFO:[Anishka]:OutputCommitter set in config null
2018-09-04 02:53:45 WARNING:[Anubhav]:Execution Error
2021-07-04 10:14:49 FATAL:[Jashn]:Proxy Error
2019-11-27 15:35:14 WARNING:[Manas]:Connection Failed
2017-03-10 01:21:47 CRITICAL:[Viksit]:Proxy Error
2021-08-02 19:47:04 ERROR:[Viksit]:Authentication Error
2018-10-01 19:49:00 ERROR:[Anubhav]:Proxy Error
2019-06-01 22:18:46 WARNING:[Anishka]:Execution Error
2016-05-16 04:12:50 ERROR:[Jashn]:Proxy Error
2019-06-20 02:16:56 WARNING:[Anishka]:Connection Failed
2015-01-05 09:35:12 CRITICAL:[Viksit]:Authentication Error
2021-08-28 11:21:07 DEBUG:[Jashn]:Proxy Error
2019-06-11 23:59:00 FATAL:[Anishka]:Connection Failed
2015-08-19 11:33:57 WARNING:[Anubhav]:OutputCommitter set in config null
2021-10-11 17:31:48 INFO:[Anubhav]:Proxy Error
2021-07-22 16:32:17 INFO:[Anubhav]:Proxy Error
2015-11-14 15:32:38 WARNING:[Anubhav]:Connection Failed
2017-10-15 14:07:50 WARNING:[Anishka]:OutputCommitter set in config null
2018-05-30 16:02:27 WARNING:[Manas]:OutputCommitter set in config null
2017-07-28 21:10:11 ERROR:[Jashn]:Connection Failed
2021-09-29 15:59:41 WARNING:[Viksit]:OutputCommitter set in config null
2020-02-07 10:30:00 INFO:[Manas]:Authentication Error
2018-09-14 23:20:29 DEBUG:[Anishka]:OutputCommitter set in config null
2020-03-16 05:13:36 CRITICAL:[Viksit]:Connection Failed
2021-03-05 18:55:37 DEBUG:[Manas]:Connection Failed
2015-03-04 13:48:06 ERROR:[Jashn]:Execution Error
2021-11-01 23:38:44 FATAL:[Jashn]:Connection Failed
2016-06-08 19:16:50 CRITICAL:[Anubhav]:Execution Error
2017-06-17 00:08:43 DEBUG:[Anishka]:OutputCommitter set in config null
2018-09-03 18:22:58 FATAL:[Anishka]:Connection Failed
2015-06-17 00:12:49 FATAL:[Manas]:Authentication Error
2020-09-14 01:23:43 WARNING:[Jashn]:Authentication Error
2021-05-18 12:26:44 WARNING:[Jashn]:Connection Failed
2021-01-20 01:48:33 WARNING:[Anubhav]:Proxy Error
2017-12-07 03:55:54 CRITICAL:[Anishka]:Execution Error
2015-05-29 20:20:56 ERROR:[Viksit]:Proxy Error
2015-08-14 06:05:24 ERROR:[Manas]:Proxy Error
2019-08-10 05:16:06 DEBUG:[Viksit]:Connection Failed
2021-02-28 17:03:03 FATAL:[Jashn]:Connection Failed
2016-11-11 22:18:17 INFO:[Jashn]:Execution Error
2016-10-30 10:42:07 ERROR:[Anishka]:Execution Error
2015-05-23 00:23:23 INFO:[Anubhav]:Execution Error
2015-04-29 17:41:18 DEBUG:[Anishka]:Execution Error
2016-06-06 10:48:50 WARNING:[Anishka]:Authentication Error
2015-09-28 09:03:38 WARNING:[Jashn]:OutputCommitter set in config null
2018-06-28 10:20:07 FATAL:[Jashn]:Connection Failed
2019-12-04 14:20:03 DEBUG:[Anubhav]:Authentication Error
2019-05-21 16:50:39 FATAL:[Jashn]:OutputCommitter set in config null
2016-11-09 08:43:07 ERROR:[Anubhav]:Proxy Error
2017-08-25 08:47:29 INFO:[Anishka]:Authentication Error
2016-03-13 22:20:32 CRITICAL:[Anishka]:Proxy Error
2015-03-29 04:02:05 FATAL:[Anubhav]:OutputCommitter set in config null
2019-02-09 10:01:24 DEBUG:[Anishka]:Proxy Error
2020-10-26 18:28:23 INFO:[Jashn]:Execution Error
2017-06-09 07:22:58 DEBUG:[Manas]:Proxy Error
2019-01-23 06:17:53 WARNING:[Jashn]:Execution Error
2018-04-14 06:29:38 CRITICAL:[Jashn]:Proxy Error
2019-08-13 19:36:43 CRITICAL:[Jashn]:Authentication Error
2018-09-24 15:26:21 INFO:[Viksit]:Proxy Error
2018-04-19 16:34:16 WARNING:[Anishka]:Connection Failed
2020-07-20 04:00:53 INFO:[Viksit]:Execution Error
2016-10-21 00:22:02 CRITICAL:[Viksit]:Execution Error
2020-02-25 22:53:40 DEBUG:[Viksit]:OutputCommitter set in config null
2016-12-17 19:11:24 CRITICAL:[Viksit]:Execution Error
2018-06-13 16:03:21 ERROR:[Anubhav]:Proxy Error
2016-11-17 05:20:56 INFO:[Jashn]:Execution Error
2017-07-31 05:54:26 CRITICAL:[Viksit]:Authentication Error
2021-05-12 11:56:58 DEBUG:[Anubhav]:OutputCommitter set in config null
2019-03-21 17:21:51 WARNING:[Jashn]:Proxy Error
2017-08-24 07:03:27 INFO:[Manas]:Proxy Error
2020-10-04 04:52:22 CRITICAL:[Anubhav]:OutputCommitter set in config null
2016-08-03 03:55:53 ERROR:[Anubhav]:Connection Failed
2015-12-28 14:03:25 INFO:[Manas]:Connection Failed
2016-09-14 23:19:04 WARNING:[Jashn]:Authentication Error
2021-01-03 19:30:54 FATAL:[Viksit]:Proxy Error
2015-05-28 00:09:06 CRITICAL:[Jashn]:Proxy Error
2020-06-12 06:45:18 CRITICAL:[Viksit]:Connection Failed
2019-05-11 14:41:19 ERROR:[Manas]:Execution Error
2020-06-14 05:28:21 DEBUG:[Anubhav]:OutputCommitter set in config null
2021-07-23 04:23:08 FATAL:[Viksit]:Proxy Error
2015-06-03 05:18:10 ERROR:[Viksit]:Execution Error
2015-07-23 19:37:11 CRITICAL:[Anubhav]:OutputCommitter set in config null
2016-05-08 10:59:29 CRITICAL:[Manas]:Execution Error
2017-08-19 02:08:06 CRITICAL:[Jashn]:Authentication Error
2017-06-07 03:23:39 FATAL:[Viksit]:Execution Error
2020-11-17 17:03:53 ERROR:[Manas]:Connection Failed
2019-08-04 20:10:30 CRITICAL:[Jashn]:Authentication Error
2015-03-06 07:33:02 CRITICAL:[Anubhav]:Authentication Error
2015-10-27 02:20:53 CRITICAL:[Jashn]:Proxy Error
2020-04-18 04:49:39 CRITICAL:[Jashn]:Authentication Error
2016-11-13 08:44:59 ERROR:[Anishka]:Execution Error
2017-04-05 21:18:09 CRITICAL:[Jashn]:OutputCommitter set in config null
2021-07-28 23:59:18 ERROR:[Anubhav]:OutputCommitter set in config null
2020-07-24 15:01:41 CRITICAL:[Manas]:Authentication Error
2016-01-18 04:03:07 WARNING:[Manas]:Execution Error
2020-06-27 14:50:00 DEBUG:[Manas]:Proxy Error
2016-12-04 18:38:45 CRITICAL:[Anubhav]:Execution Error
2021-10-15 08:14:17 CRITICAL:[Manas]:OutputCommitter set in config null
2015-06-10 05:08:10 ERROR:[Jashn]:Execution Error
2020-10-23 19:19:12 CRITICAL:[Anishka]:Execution Error
2018-11-26 13:21:48 INFO:[Manas]:Authentication Error
2018-12-24 01:28:42 CRITICAL:[Anubhav]:Authentication Error
2015-08-31 09:39:45 DEBUG:[Manas]:Execution Error
2018-11-19 19:58:58 DEBUG:[Anishka]:Connection Failed
2017-12-19 07:10:21 FATAL:[Anubhav]:Proxy Error
2020-01-30 13:15:03 WARNING:[Jashn]:Proxy Error
2015-11-19 09:54:44 DEBUG:[Viksit]:Execution Error
2017-02-04 04:07:20 INFO:[Manas]:Proxy Error
2020-04-26 22:08:18 WARNING:[Manas]:Proxy Error
2016-01-03 10:47:32 DEBUG:[Anubhav]:Proxy Error
2021-02-24 14:04:46 ERROR:[Jashn]:Connection Failed
2021-03-12 05:33:25 CRITICAL:[Anubhav]:Authentication Error
2015-04-08 06:19:58 CRITICAL:[Jashn]:Authentication Error
2021-08-26 10:45:59 DEBUG:[Manas]:Proxy Error
2017-12-15 03:12:14 DEBUG:[Jashn]:Authentication Error
2016-06-22 19:31:46 ERROR:[Anubhav]:Connection Failed
2021-02-21 16:11:44 INFO:[Anishka]:OutputCommitter set in config null
2019-05-14 20:09:51 INFO:[Viksit]:Connection Failed
2018-11-04 02:32:10 CRITICAL:[Anubhav]:Execution Error
2019-01-27 15:56:47 WARNING:[Jashn]:Connection Failed
2015-10-16 18:25:52 CRITICAL:[Anishka]:Authentication Error
2018-03-06 09:29:26 DEBUG:[Manas]:OutputCommitter set in config null
2018-11-21 04:43:39 FATAL:[Viksit]:Connection Failed
2020-12-13 09:51:10 ERROR:[Manas]:Authentication Error
2021-03-12 23:46:13 FATAL:[Anubhav]:Connection Failed
2015-06-20 01:14:14 CRITICAL:[Jashn]:Proxy Error
2020-10-28 02:04:01 CRITICAL:[Anishka]:Authentication Error
2016-09-09 04:05:04 WARNING:[Anubhav]:Connection Failed
2015-06-12 09:35:40 CRITICAL:[Anubhav]:Connection Failed
2021-11-11 19:23:51 INFO:[Anishka]:Execution Error
2020-11-05 15:36:20 WARNING:[Anishka]:Authentication Error
2017-11-01 16:01:42 FATAL:[Anishka]:Authentication Error
2020-08-15 07:43:03 INFO:[Anishka]:OutputCommitter set in config null
2018-08-06 12:08:54 DEBUG:[Anubhav]:Connection Failed
2019-12-24 23:24:04 INFO:[Jashn]:Execution Error
2020-07-08 12:55:36 DEBUG:[Viksit]:Connection Failed
2020-03-20 21:22:00 WARNING:[Viksit]:Connection Failed
2017-12-21 08:14:09 INFO:[Anubhav]:Authentication Error
2020-07-14 18:39:21 FATAL:[Anishka]:OutputCommitter set in config null
2017-12-29 02:24:24 WARNING:[Anubhav]:Connection Failed
2015-04-05 12:48:53 ERROR:[Anishka]:Proxy Error
2015-10-14 02:28:38 DEBUG:[Anishka]:Proxy Error
2018-02-25 13:27:38 WARNING:[Anishka]:Authentication Error
2020-12-04 16:54:25 CRITICAL:[Viksit]:Connection Failed
2017-08-05 19:37:59 DEBUG:[Anubhav]:Execution Error
2015-06-02 08:01:50 ERROR:[Viksit]:Proxy Error
2021-03-01 06:58:51 ERROR:[Jashn]:Execution Error
2020-09-30 07:59:07 CRITICAL:[Viksit]:Authentication Error
2019-09-03 14:10:03 ERROR:[Manas]:Proxy Error
2017-04-13 22:58:02 FATAL:[Viksit]:Connection Failed
2020-12-07 13:01:25 ERROR:[Viksit]:Proxy Error
2019-01-18 07:11:30 DEBUG:[Viksit]:Authentication Error
2015-02-22 08:24:22 CRITICAL:[Manas]:Authentication Error
2020-03-07 07:03:04 ERROR:[Viksit]:Proxy Error
2020-11-13 12:50:06 WARNING:[Anishka]:Authentication Error
2021-03-01 06:56:59 FATAL:[Anubhav]:Execution Error
2020-08-12 16:32:50 CRITICAL:[Jashn]:OutputCommitter set in config null
2018-07-22 03:37:31 ERROR:[Anishka]:Execution Error
2021-04-26 11:25:41 ERROR:[Manas]:Execution Error
2016-05-13 21:11:35 DEBUG:[Viksit]:Execution Error
2018-07-20 14:27:55 CRITICAL:[Anishka]:Authentication Error
2019-03-28 06:50:07 CRITICAL:[Jashn]:Authentication Error
2020-01-14 13:36:53 ERROR:[Viksit]:Proxy Error
2019-05-04 00:29:46 CRITICAL:[Manas]:Authentication Error
2021-09-21 07:47:28 ERROR:[Anubhav]:Connection Failed
2016-04-14 13:02:35 ERROR:[Manas]:Connection Failed
2018-05-19 01:20:16 ERROR:[Jashn]:Connection Failed
2018-07-30 08:28:22 DEBUG:[Anubhav]:Connection Failed
2018-04-15 06:30:09 CRITICAL:[Anubhav]:Authentication Error
2016-09-23 16:26:43 ERROR:[Anishka]:Connection Failed
2018-12-19 08:50:13 WARNING:[Jashn]:Proxy Error
2021-01-15 19:23:49 ERROR:[Manas]:Execution Error
2017-12-26 18:04:38 CRITICAL:[Jashn]:OutputCommitter set in config null
2018-10-23 08:38:13 DEBUG:[Viksit]:OutputCommitter set in config null
2020-01-27 17:57:59 INFO:[Anubhav]:Authentication Error
2021-12-12 21:25:39 FATAL:[Anubhav]:Connection Failed
2017-01-01 20:22:04 INFO:[Anishka]:Execution Error
2020-08-29 07:09:00 CRITICAL:[Manas]:Connection Failed
2020-07-21 22:21:27 WARNING:[Anishka]:Execution Error
2019-12-08 18:11:47 INFO:[Jashn]:Connection Failed
2019-02-15 03:31:11 WARNING:[Viksit]:Authentication Error
2017-12-13 23:26:19 WARNING:[Jashn]:Authentication Error
2017-01-29 13:24:56 CRITICAL:[Anubhav]:Connection Failed
2016-07-28 19:56:26 INFO:[Viksit]:OutputCommitter set in config null
2015-01-30 00:55:17 ERROR:[Anishka]:OutputCommitter set in config null
2018-07-16 19:57:44 CRITICAL:[Anubhav]:Connection Failed
2018-09-23 02:50:26 DEBUG:[Jashn]:Authentication Error
2017-10-30 08:28:16 DEBUG:[Anishka]:Connection Failed
2017-06-18 12:51:38 INFO:[Anubhav]:Authentication Error
2020-09-12 16:17:26 CRITICAL:[Anubhav]:Execution Error
2018-02-23 13:11:55 CRITICAL:[Viksit]:OutputCommitter set in config null
2019-09-10 18:58:40 WARNING:[Anubhav]:Execution Error
2017-07-09 13:42:36 DEBUG:[Anubhav]:Proxy Error
2019-07-21 18:11:46 INFO:[Anubhav]:Proxy Error
2015-10-04 01:31:24 FATAL:[Manas]:Authentication Error
2021-04-06 16:42:49 ERROR:[Manas]:OutputCommitter set in config null
2019-08-16 10:05:39 DEBUG:[Jashn]:OutputCommitter set in config null
2019-10-31 09:10:56 FATAL:[Manas]:Connection Failed
2017-01-26 19:30:16 WARNING:[Manas]:Authentication Error
2017-05-23 01:59:01 ERROR:[Viksit]:Authentication Error
2019-03-05 23:10:35 INFO:[Viksit]:Authentication Error
2020-12-26 20:42:10 WARNING:[Jashn]:Proxy Error
2016-05-07 20:51:49 ERROR:[Anishka]:Proxy Error
2018-07-19 03:20:10 ERROR:[Viksit]:Authentication Error
2016-06-02 17:54:21 DEBUG:[Manas]:Authentication Error
2020-05-14 22:53:18 WARNING:[Manas]:Execution Error
2019-04-24 02:27:47 INFO:[Anishka]:Connection Failed
2015-08-23 21:44:53 CRITICAL:[Jashn]:Connection Failed
2019-04-18 16:21:43 FATAL:[Manas]:Execution Error
2020-12-10 10:57:19 WARNING:[Manas]:OutputCommitter set in config null
2018-03-19 17:25:44 DEBUG:[Manas]:Execution Error
2021-02-02 11:25:10 CRITICAL:[Viksit]:Proxy Error
2018-07-22 05:45:33 INFO:[Jashn]:Proxy Error
2015-09-30 11:25:46 WARNING:[Jashn]:OutputCommitter set in config null
2020-11-12 18:08:32 INFO:[Viksit]:Proxy Error
2018-08-17 01:34:19 INFO:[Anishka]:Connection Failed
2018-06-26 23:01:00 CRITICAL:[Manas]:Execution Error
2020-11-09 22:40:11 CRITICAL:[Jashn]:Proxy Error
2021-03-23 22:43:37 DEBUG:[Anubhav]:Authentication Error
2016-07-17 22:54:40 CRITICAL:[Anubhav]:Connection Failed
2017-11-01 19:45:07 FATAL:[Jashn]:Execution Error
2016-07-14 13:05:27 FATAL:[Viksit]:Proxy Error
2016-04-11 11:54:15 CRITICAL:[Viksit]:Execution Error
2018-05-01 12:08:52 FATAL:[Anubhav]:Authentication Error
2020-09-11 02:30:37 INFO:[Anishka]:Execution Error
2017-11-12 16:36:08 ERROR:[Viksit]:Authentication Error
2019-03-20 15:58:23 DEBUG:[Viksit]:OutputCommitter set in config null
2021-09-08 12:36:04 CRITICAL:[Jashn]:Authentication Error
2016-04-28 06:59:06 WARNING:[Anishka]:Authentication Error
2017-09-08 02:13:56 WARNING:[Viksit]:OutputCommitter set in config null
2019-08-05 09:55:03 CRITICAL:[Anubhav]:Connection Failed
2015-08-14 17:54:12 INFO:[Jashn]:OutputCommitter set in config null
2015-07-08 10:15:39 DEBUG:[Manas]:Authentication Error
2020-03-11 19:25:27 DEBUG:[Jashn]:Execution Error
2016-04-02 15:53:18 DEBUG:[Jashn]:Connection Failed
2021-02-14 22:23:06 CRITICAL:[Anubhav]:Connection Failed
2020-07-27 14:46:31 CRITICAL:[Jashn]:Connection Failed
2021-08-23 04:22:15 INFO:[Anubhav]:Authentication Error
2019-01-20 13:18:11 DEBUG:[Jashn]:OutputCommitter set in config null
2019-01-21 00:05:00 CRITICAL:[Manas]:Authentication Error
2021-02-26 01:40:12 CRITICAL:[Anishka]:Authentication Error
2017-07-13 22:47:18 DEBUG:[Viksit]:Authentication Error
2017-08-30 01:15:06 DEBUG:[Anubhav]:Proxy Error
2021-04-10 08:12:29 WARNING:[Manas]:Authentication Error
2019-03-28 02:27:04 INFO:[Viksit]:Connection Failed
2015-03-16 12:51:55 FATAL:[Anubhav]:Execution Error
2018-05-10 20:32:54 WARNING:[Jashn]:Proxy Error
2016-02-28 03:29:28 INFO:[Viksit]:Connection Failed
2021-12-29 22:00:32 CRITICAL:[Jashn]:Execution Error
2017-03-12 15:24:20 WARNING:[Anubhav]:Execution Error
2021-09-24 08:01:12 FATAL:[Jashn]:OutputCommitter set in config null
2016-02-17 15:18:41 CRITICAL:[Anishka]:Proxy Error
2015-04-05 23:07:27 INFO:[Viksit]:Authentication Error
2018-07-23 19:52:19 DEBUG:[Anubhav]:Proxy Error
2021-09-22 23:39:50 INFO:[Viksit]:Authentication Error
2018-10-19 19:10:24 DEBUG:[Anishka]:Authentication Error
2018-05-03 03:43:51 CRITICAL:[Jashn]:OutputCommitter set in config null
2015-10-19 00:45:49 FATAL:[Anubhav]:OutputCommitter set in config null
2016-03-24 01:24:59 CRITICAL:[Viksit]:Proxy Error
2018-01-26 08:11:00 DEBUG:[Anubhav]:Execution Error
2018-12-27 13:58:24 ERROR:[Manas]:Proxy Error
2017-03-23 00:59:33 DEBUG:[Jashn]:OutputCommitter set in config null
2018-03-30 05:34:05 CRITICAL:[Jashn]:OutputCommitter set in config null
2019-06-20 13:06:02 INFO:[Jashn]:Execution Error
2018-03-11 17:44:22 FATAL:[Anubhav]:OutputCommitter set in config null
2021-07-29 13:22:55 WARNING:[Manas]:Execution Error
2020-01-19 01:13:36 ERROR:[Manas]:Proxy Error
2020-12-17 20:42:02 INFO:[Anubhav]:OutputCommitter set in config null
2018-12-04 21:18:53 CRITICAL:[Anubhav]:Execution Error
2018-08-25 04:14:29 CRITICAL:[Anishka]:OutputCommitter set in config null
2018-08-24 16:38:47 WARNING:[Jashn]:OutputCommitter set in config null
2020-01-24 06:21:06 WARNING:[Anishka]:Execution Error
2019-08-09 19:35:44 DEBUG:[Jashn]:OutputCommitter set in config null
2020-08-16 03:00:08 DEBUG:[Viksit]:Execution Error
2015-11-24 00:42:38 INFO:[Jashn]:Execution Error
2015-11-12 09:43:43 ERROR:[Anubhav]:Authentication Error
2020-11-02 16:15:55 CRITICAL:[Viksit]:Proxy Error
2020-06-19 04:49:16 CRITICAL:[Viksit]:Authentication Error
2016-04-28 10:43:13 WARNING:[Anishka]:Execution Error
2015-06-22 12:07:13 ERROR:[Viksit]:Connection Failed
2017-09-02 23:51:55 CRITICAL:[Jashn]:OutputCommitter set in config null
2015-01-01 09:44:12 INFO:[Anubhav]:Proxy Error
2016-07-02 00:26:26 INFO:[Anishka]:Authentication Error
2019-03-11 00:37:52 WARNING:[Manas]:Authentication Error
2017-09-25 03:13:51 DEBUG:[Manas]:OutputCommitter set in config null
2018-02-18 19:24:20 INFO:[Viksit]:Connection Failed
2020-09-27 07:04:17 INFO:[Viksit]:Connection Failed
2017-08-22 04:36:08 ERROR:[Viksit]:Execution Error
2017-04-15 15:05:19 INFO:[Viksit]:OutputCommitter set in config null
2016-07-28 04:58:44 FATAL:[Anishka]:Execution Error
2016-11-07 06:40:49 ERROR:[Anubhav]:Authentication Error
2015-11-02 04:35:06 FATAL:[Manas]:Execution Error
2020-01-26 16:10:28 FATAL:[Manas]:Authentication Error
2020-11-22 14:19:14 WARNING:[Anubhav]:OutputCommitter set in config null
2021-03-14 04:15:20 DEBUG:[Manas]:Authentication Error
2017-06-08 19:38:57 INFO:[Anubhav]:Execution Error
2017-06-25 09:59:23 DEBUG:[Jashn]:Authentication Error
2021-09-12 11:44:24 FATAL:[Manas]:Authentication Error
2019-05-21 12:10:40 ERROR:[Manas]:OutputCommitter set in config null
2020-11-30 08:50:37 ERROR:[Viksit]:Connection Failed
2015-12-27 22:23:06 ERROR:[Viksit]:Authentication Error
2016-10-03 03:35:44 WARNING:[Viksit]:Authentication Error
2019-02-20 01:12:32 FATAL:[Manas]:OutputCommitter set in config null
2016-02-28 18:22:30 FATAL:[Viksit]:Authentication Error
2015-04-07 16:16:47 FATAL:[Manas]:Connection Failed
2020-11-07 20:50:57 CRITICAL:[Jashn]:Authentication Error
2021-05-07 10:35:35 INFO:[Anishka]:Execution Error
2020-08-24 01:17:33 ERROR:[Anubhav]:Authentication Error
2021-11-24 12:40:07 CRITICAL:[Viksit]:Connection Failed
2021-12-22 22:33:14 CRITICAL:[Manas]:Authentication Error
2019-06-02 04:51:04 WARNING:[Viksit]:Connection Failed
2016-02-18 01:22:15 CRITICAL:[Anishka]:Execution Error
2020-03-30 01:54:38 FATAL:[Jashn]:Connection Failed
2021-09-23 02:54:05 DEBUG:[Anishka]:Execution Error
2020-02-27 02:16:39 FATAL:[Viksit]:OutputCommitter set in config null
2020-12-13 10:56:32 WARNING:[Manas]:OutputCommitter set in config null
2016-06-13 11:40:42 DEBUG:[Manas]:Authentication Error
2015-10-03 12:02:21 WARNING:[Jashn]:Execution Error
2018-07-19 03:42:43 CRITICAL:[Manas]:Authentication Error
2017-08-06 21:48:02 WARNING:[Viksit]:Execution Error
2018-08-04 07:42:03 FATAL:[Jashn]:OutputCommitter set in config null
2016-11-23 11:28:56 WARNING:[Anubhav]:Proxy Error
2019-11-22 21:26:56 FATAL:[Jashn]:Connection Failed
2017-09-28 07:35:20 ERROR:[Anubhav]:Proxy Error
2016-10-18 14:07:30 CRITICAL:[Viksit]:Authentication Error
2015-07-15 16:59:55 CRITICAL:[Anishka]:Execution Error
2015-04-12 14:28:06 FATAL:[Manas]:Connection Failed
2017-02-12 06:05:01 WARNING:[Anubhav]:OutputCommitter set in config null
2019-07-22 10:51:08 DEBUG:[Anubhav]:Connection Failed
2016-04-29 04:28:04 DEBUG:[Viksit]:Authentication Error
2016-12-22 01:18:45 CRITICAL:[Jashn]:OutputCommitter set in config null
2016-02-29 06:14:13 FATAL:[Jashn]:Proxy Error
2021-12-25 05:12:22 CRITICAL:[Anishka]:Execution Error
2015-05-22 17:25:20 ERROR:[Viksit]:OutputCommitter set in config null
2017-12-19 14:59:04 DEBUG:[Anishka]:Authentication Error
2021-11-17 15:27:26 INFO:[Manas]:Connection Failed
2017-05-28 19:01:06 DEBUG:[Anishka]:OutputCommitter set in config null
2017-09-07 17:49:02 DEBUG:[Anishka]:Connection Failed
2018-06-22 10:52:56 INFO:[Jashn]:Connection Failed
2016-10-19 03:31:50 CRITICAL:[Viksit]:Proxy Error
2019-12-25 00:37:45 DEBUG:[Manas]:Execution Error
2016-07-12 03:25:34 FATAL:[Anishka]:Connection Failed
2015-08-03 09:16:11 INFO:[Anubhav]:OutputCommitter set in config null
2016-02-26 10:03:28 ERROR:[Anishka]:Proxy Error
2020-09-16 17:06:43 INFO:[Viksit]:Execution Error
2021-07-21 03:43:01 FATAL:[Anubhav]:Authentication Error
2017-03-15 14:01:04 FATAL:[Viksit]:Execution Error
2016-02-18 04:38:26 WARNING:[Viksit]:OutputCommitter set in config null
2017-02-24 17:23:03 WARNING:[Manas]:Execution Error
2016-01-14 14:54:23 FATAL:[Anubhav]:Connection Failed
2017-05-07 00:27:47 DEBUG:[Anishka]:Execution Error
2017-12-16 00:39:00 WARNING:[Anubhav]:Authentication Error
2019-01-20 11:58:50 DEBUG:[Jashn]:Connection Failed
2016-03-11 11:58:07 FATAL:[Manas]:OutputCommitter set in config null
2021-02-01 04:38:26 WARNING:[Anishka]:Execution Error
2015-02-01 01:05:20 ERROR:[Anishka]:Authentication Error
2021-12-03 05:00:04 CRITICAL:[Viksit]:Proxy Error
2019-09-24 11:08:02 INFO:[Jashn]:Connection Failed
2015-11-03 10:44:08 DEBUG:[Viksit]:OutputCommitter set in config null
2021-07-08 00:55:49 WARNING:[Viksit]:Authentication Error
2019-06-21 12:17:34 ERROR:[Anishka]:OutputCommitter set in config null
2018-09-02 06:25:36 WARNING:[Viksit]:Connection Failed
2019-05-21 15:27:44 INFO:[Manas]:OutputCommitter set in config null
2015-06-30 21:34:53 WARNING:[Jashn]:Proxy Error
2015-07-05 04:29:08 ERROR:[Manas]:OutputCommitter set in config null
2020-02-02 19:54:56 CRITICAL:[Manas]:Authentication Error
2020-10-16 16:01:51 DEBUG:[Manas]:Authentication Error
2017-12-16 17:34:39 INFO:[Viksit]:Proxy Error
2018-10-08 13:56:04 INFO:[Manas]:Authentication Error
2018-01-12 23:04:04 ERROR:[Jashn]:Authentication Error
2015-11-10 23:52:24 CRITICAL:[Manas]:OutputCommitter set in config null
2020-03-10 22:50:19 CRITICAL:[Anubhav]:Proxy Error
2015-07-11 01:18:52 FATAL:[Viksit]:OutputCommitter set in config null
2020-06-28 02:30:16 DEBUG:[Jashn]:Authentication Error
2015-10-29 01:15:50 INFO:[Anubhav]:Proxy Error
2017-05-11 02:59:10 ERROR:[Anishka]:Proxy Error
2018-02-25 04:28:14 FATAL:[Jashn]:Connection Failed
2015-03-30 10:47:14 WARNING:[Anishka]:Connection Failed
2015-08-03 15:25:05 DEBUG:[Manas]:Proxy Error
2016-12-29 02:20:50 ERROR:[Viksit]:Proxy Error
2021-06-17 08:32:20 DEBUG:[Viksit]:Connection Failed
2021-07-21 22:39:36 ERROR:[Anubhav]:Execution Error
2019-10-25 16:46:45 WARNING:[Manas]:OutputCommitter set in config null
2018-04-18 09:27:17 FATAL:[Manas]:Connection Failed
2016-04-30 12:01:42 FATAL:[Viksit]:Authentication Error
2021-12-09 07:36:42 ERROR:[Anishka]:Authentication Error
2017-09-08 09:37:01 FATAL:[Viksit]:Connection Failed
2016-06-21 16:58:25 ERROR:[Manas]:Authentication Error
2020-11-16 08:50:06 ERROR:[Viksit]:OutputCommitter set in config null
2017-12-02 14:30:14 WARNING:[Anubhav]:OutputCommitter set in config null
2016-11-25 20:01:22 DEBUG:[Viksit]:OutputCommitter set in config null
2021-03-04 08:14:56 CRITICAL:[Anishka]:Connection Failed
2019-01-23 07:49:24 FATAL:[Anubhav]:OutputCommitter set in config null
2020-05-09 14:00:10 CRITICAL:[Viksit]:OutputCommitter set in config null
2017-05-25 22:29:11 WARNING:[Manas]:OutputCommitter set in config null
2017-10-04 21:09:04 FATAL:[Anubhav]:Proxy Error
2015-05-07 03:55:21 WARNING:[Anubhav]:Authentication Error
2019-06-17 17:37:20 CRITICAL:[Anubhav]:Connection Failed
2021-05-19 15:06:44 CRITICAL:[Anishka]:Execution Error
2015-10-13 10:38:51 INFO:[Viksit]:Connection Failed
2016-04-18 10:53:03 WARNING:[Manas]:Authentication Error
2016-07-12 14:38:13 WARNING:[Jashn]:Authentication Error
2016-02-05 12:02:39 CRITICAL:[Anishka]:Authentication Error
2015-12-16 13:32:44 FATAL:[Viksit]:Connection Failed
2017-02-03 20:16:29 WARNING:[Anishka]:Proxy Error
2019-09-14 04:28:05 DEBUG:[Anubhav]:Execution Error
2019-09-23 22:32:34 CRITICAL:[Anubhav]:OutputCommitter set in config null
2017-11-19 21:31:21 DEBUG:[Jashn]:Authentication Error
2019-05-11 17:29:54 INFO:[Anubhav]:Proxy Error
2018-04-09 05:11:31 FATAL:[Viksit]:Proxy Error
2016-02-29 09:24:12 CRITICAL:[Viksit]:Execution Error
2021-10-04 14:05:50 INFO:[Jashn]:Proxy Error
2017-12-17 07:11:03 WARNING:[Anubhav]:Connection Failed
2020-11-17 08:49:32 FATAL:[Anishka]:Connection Failed
2018-06-04 21:14:30 CRITICAL:[Manas]:OutputCommitter set in config null
2021-09-14 05:22:49 ERROR:[Anishka]:Execution Error
2020-05-27 21:13:52 FATAL:[Anubhav]:Authentication Error
2020-06-17 18:55:23 DEBUG:[Anubhav]:OutputCommitter set in config null
2015-06-26 07:15:47 ERROR:[Jashn]:Authentication Error
2017-02-15 10:32:50 DEBUG:[Anubhav]:Connection Failed
2021-04-24 18:49:13 DEBUG:[Anishka]:Execution Error
2016-03-10 10:02:54 INFO:[Viksit]:Proxy Error
2015-09-26 14:35:06 INFO:[Viksit]:Proxy Error
2021-05-25 18:24:44 DEBUG:[Manas]:OutputCommitter set in config null
2020-01-13 10:38:24 FATAL:[Anishka]:Execution Error
2018-07-10 10:48:35 ERROR:[Manas]:Execution Error
2020-02-24 14:02:06 CRITICAL:[Anubhav]:OutputCommitter set in config null
2019-05-20 20:28:15 DEBUG:[Anishka]:Proxy Error
2020-11-26 18:42:38 DEBUG:[Viksit]:OutputCommitter set in config null
2018-01-23 19:36:51 ERROR:[Anubhav]:Proxy Error
2016-05-17 22:35:23 FATAL:[Viksit]:Execution Error
2016-05-22 00:50:55 INFO:[Manas]:Connection Failed
2020-10-23 05:50:07 CRITICAL:[Anubhav]:Authentication Error
2019-07-20 21:03:25 WARNING:[Anishka]:Execution Error
2019-09-14 07:50:06 DEBUG:[Anubhav]:OutputCommitter set in config null
2018-01-10 17:28:23 ERROR:[Jashn]:Proxy Error
2020-06-25 20:23:58 DEBUG:[Viksit]:Authentication Error
2016-11-30 17:29:45 INFO:[Viksit]:Connection Failed
2020-01-21 10:37:40 CRITICAL:[Anishka]:Authentication Error
2019-07-20 15:38:40 ERROR:[Jashn]:Execution Error
2016-11-30 03:42:42 ERROR:[Viksit]:Proxy Error
2016-10-27 09:51:13 INFO:[Anishka]:Authentication Error
2015-02-11 15:56:28 FATAL:[Manas]:Proxy Error
2021-09-04 05:32:43 INFO:[Anubhav]:Connection Failed
2016-06-02 21:13:34 FATAL:[Jashn]:OutputCommitter set in config null
2015-02-28 15:46:21 INFO:[Anubhav]:Proxy Error
2015-11-02 23:57:46 INFO:[Viksit]:Connection Failed
2020-12-26 19:31:41 FATAL:[Manas]:OutputCommitter set in config null
2018-09-27 22:27:54 WARNING:[Anishka]:Proxy Error
2018-06-12 13:08:06 WARNING:[Manas]:Execution Error
2016-08-04 16:15:23 DEBUG:[Manas]:OutputCommitter set in config null
2016-12-08 18:02:09 DEBUG:[Anubhav]:Authentication Error
2016-03-31 16:50:52 INFO:[Jashn]:Connection Failed
2018-06-25 12:49:26 WARNING:[Manas]:Proxy Error
2018-03-31 05:57:15 FATAL:[Anubhav]:Connection Failed
2018-05-25 10:41:30 INFO:[Anishka]:Connection Failed
2018-11-19 09:37:13 FATAL:[Manas]:Connection Failed
2019-02-02 21:04:44 DEBUG:[Viksit]:OutputCommitter set in config null
2016-06-12 19:57:33 FATAL:[Anishka]:Proxy Error
2017-05-20 07:20:02 WARNING:[Anishka]:Execution Error
2017-03-08 00:15:45 WARNING:[Anishka]:Proxy Error
2015-12-05 01:49:51 FATAL:[Anishka]:Execution Error
2020-08-07 08:28:49 INFO:[Jashn]:Connection Failed
2016-06-04 00:36:23 DEBUG:[Jashn]:OutputCommitter set in config null
2020-10-19 20:50:29 ERROR:[Jashn]:Proxy Error
2015-03-30 11:04:01 ERROR:[Anishka]:Proxy Error
2019-08-11 22:20:06 DEBUG:[Jashn]:Connection Failed
2020-10-19 08:31:35 FATAL:[Jashn]:OutputCommitter set in config null
2017-02-27 05:15:54 DEBUG:[Anishka]:Proxy Error
2018-07-15 01:24:22 FATAL:[Anishka]:OutputCommitter set in config null
2020-09-24 13:17:30 CRITICAL:[Manas]:Authentication Error
2018-08-01 11:13:54 INFO:[Jashn]:OutputCommitter set in config null
2017-07-26 18:23:36 ERROR:[Manas]:Connection Failed
2021-12-29 18:25:16 DEBUG:[Anubhav]:Connection Failed
2015-04-16 13:43:21 CRITICAL:[Jashn]:OutputCommitter set in config null
2018-04-17 12:05:19 INFO:[Viksit]:Execution Error
2019-12-16 05:05:54 INFO:[Anishka]:Execution Error
2021-12-23 01:58:54 FATAL:[Manas]:OutputCommitter set in config null
2015-08-12 15:27:03 ERROR:[Jashn]:Connection Failed
2020-05-22 09:23:42 WARNING:[Anishka]:Authentication Error
2016-05-29 06:04:56 CRITICAL:[Jashn]:Connection Failed
2016-10-26 13:40:29 CRITICAL:[Manas]:OutputCommitter set in config null
2020-03-07 21:34:48 DEBUG:[Manas]:Authentication Error
2019-04-03 06:19:43 INFO:[Anubhav]:Connection Failed
2016-11-10 17:49:16 ERROR:[Anubhav]:Authentication Error
2018-04-06 16:00:45 CRITICAL:[Anishka]:Connection Failed
2018-09-26 14:21:17 CRITICAL:[Jashn]:Execution Error
2015-02-09 00:27:19 WARNING:[Manas]:Authentication Error
2018-09-30 10:36:00 WARNING:[Anishka]:Proxy Error
2018-04-10 09:15:40 FATAL:[Manas]:OutputCommitter set in config null
2016-12-15 03:00:32 DEBUG:[Jashn]:Connection Failed
2018-04-22 00:32:26 DEBUG:[Anubhav]:Authentication Error
2021-06-01 05:59:04 WARNING:[Anishka]:Execution Error
2019-06-09 11:25:06 INFO:[Jashn]:Proxy Error
2019-02-06 08:59:58 INFO:[Manas]:Authentication Error
2020-04-14 18:09:42 ERROR:[Viksit]:Execution Error
2021-03-12 11:54:55 WARNING:[Jashn]:OutputCommitter set in config null
2018-01-24 07:59:01 INFO:[Anubhav]:Execution Error
2015-12-19 05:07:36 INFO:[Viksit]:Connection Failed
2018-02-21 18:56:34 INFO:[Anishka]:Connection Failed
2021-03-28 20:28:12 WARNING:[Anubhav]:Execution Error
2018-05-15 09:17:57 FATAL:[Anishka]:Execution Error
2015-06-12 14:23:41 INFO:[Manas]:Execution Error
2015-07-19 01:04:23 INFO:[Jashn]:Execution Error
2017-10-04 12:09:58 CRITICAL:[Viksit]:Execution Error
2015-12-04 02:14:44 WARNING:[Anishka]:OutputCommitter set in config null
2018-07-23 22:40:41 FATAL:[Anubhav]:Connection Failed
2015-06-27 05:38:01 INFO:[Anubhav]:Connection Failed
2015-04-09 01:05:25 WARNING:[Anubhav]:OutputCommitter set in config null
2020-04-11 22:37:46 CRITICAL:[Jashn]:Execution Error
2016-05-18 15:59:55 ERROR:[Viksit]:Execution Error
2021-05-29 08:01:53 ERROR:[Viksit]:Proxy Error
2018-05-30 04:05:58 FATAL:[Anishka]:Connection Failed
2015-04-23 22:20:58 FATAL:[Jashn]:Execution Error
2019-09-08 11:44:34 WARNING:[Anishka]:Connection Failed
2018-08-09 20:28:59 ERROR:[Jashn]:Connection Failed
2020-01-17 11:21:33 DEBUG:[Anubhav]:OutputCommitter set in config null
2016-08-20 12:05:23 WARNING:[Anishka]:Authentication Error
2020-05-03 08:44:30 INFO:[Manas]:OutputCommitter set in config null
2016-08-23 20:36:28 ERROR:[Jashn]:Authentication Error
2019-12-07 16:29:31 INFO:[Jashn]:OutputCommitter set in config null
2019-02-27 13:05:35 CRITICAL:[Jashn]:Proxy Error
2017-05-27 19:48:23 DEBUG:[Anubhav]:OutputCommitter set in config null
2018-10-26 19:38:49 DEBUG:[Anishka]:Proxy Error
2017-09-08 10:11:19 WARNING:[Viksit]:Authentication Error
2018-10-30 18:33:45 CRITICAL:[Manas]:Connection Failed
2020-11-11 00:15:44 DEBUG:[Viksit]:Proxy Error
2020-11-24 03:25:53 FATAL:[Manas]:Authentication Error
2020-10-31 12:52:44 CRITICAL:[Viksit]:Authentication Error
2016-01-10 01:59:31 FATAL:[Manas]:Connection Failed
2020-05-11 02:31:45 DEBUG:[Manas]:Proxy Error
2019-09-06 16:21:34 DEBUG:[Viksit]:Proxy Error
2019-12-15 10:40:56 FATAL:[Anubhav]:Execution Error
2016-02-03 14:25:08 ERROR:[Manas]:OutputCommitter set in config null
2018-11-16 07:34:29 DEBUG:[Manas]:OutputCommitter set in config null
2018-05-01 22:11:06 WARNING:[Anubhav]:Execution Error
2020-09-25 14:23:18 INFO:[Anubhav]:Authentication Error
2016-06-22 23:17:24 CRITICAL:[Jashn]:OutputCommitter set in config null
2020-12-04 10:36:28 FATAL:[Viksit]:Authentication Error
2020-04-29 22:57:31 FATAL:[Anubhav]:Execution Error
2020-09-19 15:31:54 FATAL:[Jashn]:Connection Failed
2019-03-26 05:36:57 INFO:[Viksit]:Proxy Error
2020-10-15 19:31:21 ERROR:[Anubhav]:Execution Error
2017-11-03 08:57:26 WARNING:[Jashn]:Connection Failed
2017-05-09 09:45:27 INFO:[Manas]:Execution Error
2018-04-09 11:24:18 FATAL:[Jashn]:Proxy Error
2018-04-23 18:25:30 WARNING:[Manas]:Authentication Error
2019-01-11 20:56:35 WARNING:[Jashn]:Connection Failed
2015-04-25 11:24:05 INFO:[Anubhav]:Authentication Error
2019-09-04 15:47:50 CRITICAL:[Jashn]:Proxy Error
2018-08-19 18:12:19 ERROR:[Jashn]:Execution Error
2020-06-14 08:56:05 ERROR:[Jashn]:OutputCommitter set in config null
2016-08-09 06:56:34 INFO:[Anubhav]:Execution Error
2016-09-09 22:52:55 FATAL:[Viksit]:Connection Failed
2021-04-13 13:23:36 ERROR:[Viksit]:OutputCommitter set in config null
2020-09-06 01:04:02 FATAL:[Anishka]:Connection Failed
2017-06-15 21:00:59 ERROR:[Viksit]:Authentication Error
2016-10-08 11:09:34 WARNING:[Viksit]:Execution Error
2021-04-24 02:17:36 DEBUG:[Anishka]:Execution Error
2018-02-18 09:00:34 ERROR:[Anubhav]:Authentication Error
2018-01-03 14:02:55 ERROR:[Viksit]:Authentication Error
2021-01-15 20:41:28 DEBUG:[Anishka]:Proxy Error
2018-12-02 10:54:13 INFO:[Manas]:Proxy Error
2015-06-10 20:17:44 ERROR:[Jashn]:OutputCommitter set in config null
2017-02-28 12:47:47 WARNING:[Anubhav]:OutputCommitter set in config null
2017-12-28 22:13:28 ERROR:[Anubhav]:Proxy Error
2015-08-12 19:44:47 DEBUG:[Viksit]:Proxy Error
2016-06-25 02:11:58 ERROR:[Anubhav]:Proxy Error
2021-04-24 02:33:53 ERROR:[Manas]:Authentication Error
2016-08-13 23:16:10 ERROR:[Anubhav]:OutputCommitter set in config null
2020-09-05 12:01:00 CRITICAL:[Jashn]:OutputCommitter set in config null
2015-08-14 15:37:45 ERROR:[Jashn]:Execution Error
2016-01-22 12:23:04 INFO:[Manas]:Authentication Error
2015-05-27 20:38:27 WARNING:[Viksit]:Connection Failed
2021-11-09 01:31:24 DEBUG:[Anishka]:Proxy Error
2018-08-26 12:38:04 ERROR:[Viksit]:Proxy Error
2021-11-27 21:19:59 CRITICAL:[Jashn]:Proxy Error
2021-08-21 01:04:00 WARNING:[Anubhav]:Execution Error
2015-12-18 20:30:18 CRITICAL:[Viksit]:Proxy Error
2020-05-31 22:39:49 WARNING:[Viksit]:Connection Failed
2017-07-21 04:43:48 CRITICAL:[Manas]:Execution Error
2016-02-15 00:09:52 INFO:[Jashn]:Execution Error
2015-04-22 00:33:09 DEBUG:[Viksit]:Execution Error
2021-10-12 10:12:39 CRITICAL:[Anishka]:Connection Failed
2020-12-12 17:16:49 FATAL:[Manas]:Connection Failed
2019-01-08 22:45:04 ERROR:[Jashn]:Connection Failed
2017-12-16 08:47:58 FATAL:[Viksit]:Execution Error
2020-01-15 23:28:16 CRITICAL:[Anishka]:Connection Failed
2021-10-05 17:56:41 CRITICAL:[Jashn]:Connection Failed
2018-03-14 16:08:57 DEBUG:[Viksit]:Connection Failed
2017-09-19 09:30:14 DEBUG:[Manas]:OutputCommitter set in config null
2019-01-11 19:04:22 ERROR:[Anubhav]:OutputCommitter set in config null
2015-08-25 10:39:09 WARNING:[Viksit]:OutputCommitter set in config null
2021-12-22 07:46:26 FATAL:[Manas]:Execution Error
2016-01-21 23:09:50 FATAL:[Viksit]:Connection Failed
2019-10-19 11:16:03 INFO:[Jashn]:Proxy Error
2018-02-18 09:00:25 ERROR:[Anishka]:OutputCommitter set in config null
2021-08-30 22:26:09 ERROR:[Anishka]:Execution Error
2019-09-29 15:38:00 CRITICAL:[Jashn]:Proxy Error
2020-12-19 14:54:49 WARNING:[Viksit]:Execution Error
2019-07-27 17:35:23 ERROR:[Anubhav]:Authentication Error
2018-08-01 09:21:49 ERROR:[Manas]:Connection Failed
2021-12-03 18:10:21 CRITICAL:[Anishka]:Proxy Error
2015-05-06 13:48:28 FATAL:[Manas]:Connection Failed
2016-10-07 17:36:39 DEBUG:[Anubhav]:Proxy Error
2015-02-24 21:07:32 WARNING:[Anubhav]:Proxy Error
2015-08-25 09:22:23 ERROR:[Anubhav]:Authentication Error
2015-08-10 06:47:32 DEBUG:[Jashn]:Connection Failed
2017-12-11 04:23:32 INFO:[Manas]:Execution Error
2019-11-21 13:50:57 CRITICAL:[Viksit]:Execution Error
2018-09-27 09:45:15 INFO:[Anishka]:Connection Failed
2019-07-13 08:04:23 WARNING:[Manas]:OutputCommitter set in config null
2018-06-08 08:53:30 CRITICAL:[Jashn]:Execution Error
2019-03-12 12:06:36 FATAL:[Viksit]:Execution Error
2018-12-10 00:40:34 CRITICAL:[Anishka]:Connection Failed
2021-06-03 10:06:32 DEBUG:[Viksit]:OutputCommitter set in config null
2020-08-02 22:30:56 ERROR:[Manas]:Connection Failed
2021-03-08 03:28:44 INFO:[Manas]:OutputCommitter set in config null
2020-11-17 03:57:44 WARNING:[Manas]:Execution Error
2017-07-20 02:30:09 WARNING:[Manas]:Connection Failed
2017-07-28 02:17:33 DEBUG:[Viksit]:Proxy Error
2016-10-11 17:58:35 DEBUG:[Manas]:Proxy Error
2018-05-31 14:49:25 DEBUG:[Jashn]:OutputCommitter set in config null
2020-11-09 10:56:03 FATAL:[Anubhav]:OutputCommitter set in config null
2017-04-02 20:58:38 WARNING:[Manas]:Execution Error
2020-01-01 03:27:57 INFO:[Viksit]:Connection Failed
2018-11-14 02:04:02 FATAL:[Anubhav]:Proxy Error
2021-07-23 17:34:22 WARNING:[Jashn]:Authentication Error
2015-02-07 10:16:57 CRITICAL:[Anubhav]:Proxy Error
2020-01-03 14:39:07 ERROR:[Jashn]:Authentication Error
2019-09-24 21:26:59 DEBUG:[Viksit]:OutputCommitter set in config null
2016-08-06 14:19:12 ERROR:[Manas]:Execution Error
2020-09-28 15:33:58 FATAL:[Manas]:OutputCommitter set in config null
2017-11-03 11:55:03 FATAL:[Anubhav]:OutputCommitter set in config null
2018-06-29 00:44:56 WARNING:[Anishka]:Authentication Error
2021-03-23 01:59:34 INFO:[Manas]:Execution Error
2015-06-13 02:47:31 DEBUG:[Anubhav]:Execution Error
2016-12-02 14:42:38 CRITICAL:[Anubhav]:Authentication Error
2020-10-08 08:15:45 FATAL:[Anubhav]:Execution Error
2020-08-28 13:21:35 FATAL:[Anubhav]:Execution Error
2019-11-12 20:04:28 ERROR:[Jashn]:OutputCommitter set in config null
2015-10-24 16:19:55 WARNING:[Jashn]:Proxy Error
2019-06-13 10:09:46 INFO:[Viksit]:Execution Error
2017-06-17 12:34:34 INFO:[Manas]:Execution Error
2021-09-23 16:25:19 FATAL:[Viksit]:Execution Error
2018-09-05 01:48:01 WARNING:[Manas]:OutputCommitter set in config null
2016-07-11 08:27:08 INFO:[Anishka]:Connection Failed
2021-01-09 19:47:37 CRITICAL:[Viksit]:Authentication Error
2021-07-14 07:44:39 INFO:[Anubhav]:OutputCommitter set in config null
2017-11-01 02:24:24 WARNING:[Manas]:Connection Failed
2016-10-23 22:29:49 CRITICAL:[Anubhav]:Execution Error
2020-06-11 16:03:26 WARNING:[Manas]:Connection Failed
2020-10-17 07:46:08 INFO:[Viksit]:Proxy Error
2019-11-19 15:22:35 DEBUG:[Jashn]:OutputCommitter set in config null
2015-03-01 00:46:03 ERROR:[Viksit]:Connection Failed
2015-03-17 10:40:02 DEBUG:[Viksit]:Connection Failed
2021-08-18 06:02:04 INFO:[Viksit]:OutputCommitter set in config null
2021-05-03 19:11:54 INFO:[Jashn]:OutputCommitter set in config null
2016-01-23 00:21:06 FATAL:[Manas]:Execution Error
2019-03-25 13:37:28 WARNING:[Viksit]:Authentication Error
2021-07-14 16:12:51 DEBUG:[Anishka]:Execution Error
2016-06-26 20:47:23 WARNING:[Manas]:OutputCommitter set in config null
2020-06-29 06:02:06 DEBUG:[Anishka]:Authentication Error
2020-02-17 10:27:29 ERROR:[Anishka]:Proxy Error
2017-04-26 12:07:59 WARNING:[Manas]:Connection Failed
2015-04-23 16:52:09 INFO:[Jashn]:Execution Error
2016-12-13 21:11:13 DEBUG:[Anishka]:Connection Failed
2020-02-11 22:16:57 DEBUG:[Anubhav]:OutputCommitter set in config null
2018-09-27 18:33:35 CRITICAL:[Anubhav]:Proxy Error
2019-07-09 02:46:43 DEBUG:[Jashn]:Authentication Error
2017-03-23 01:49:31 FATAL:[Anishka]:Proxy Error
2017-08-04 01:52:27 ERROR:[Viksit]:Proxy Error
2019-11-23 19:34:46 FATAL:[Manas]:Authentication Error
2016-06-09 21:37:03 DEBUG:[Jashn]:Execution Error
2020-03-30 05:17:53 FATAL:[Manas]:Authentication Error
2020-06-14 22:40:17 WARNING:[Jashn]:OutputCommitter set in config null
2020-05-22 05:03:10 DEBUG:[Anubhav]:Execution Error
2021-12-17 16:09:01 WARNING:[Anishka]:Proxy Error
2019-04-17 06:16:16 ERROR:[Anishka]:OutputCommitter set in config null
2016-07-24 10:48:56 FATAL:[Anishka]:Proxy Error
2019-05-24 19:30:21 ERROR:[Jashn]:OutputCommitter set in config null
2019-04-03 10:10:36 ERROR:[Jashn]:Connection Failed
2019-07-24 02:03:49 INFO:[Viksit]:Proxy Error
2015-03-12 17:15:24 FATAL:[Jashn]:Execution Error
2018-11-19 08:52:06 ERROR:[Manas]:Authentication Error
2016-03-05 21:04:37 WARNING:[Anubhav]:Connection Failed
2016-04-20 07:04:58 DEBUG:[Jashn]:Connection Failed
2017-05-05 15:11:45 WARNING:[Jashn]:Execution Error
2018-10-29 21:59:08 CRITICAL:[Anishka]:Authentication Error
2017-05-03 09:27:03 FATAL:[Anubhav]:Execution Error
2021-12-26 19:10:07 DEBUG:[Anishka]:OutputCommitter set in config null
2020-07-06 04:24:28 CRITICAL:[Viksit]:Proxy Error
2021-10-27 01:47:02 WARNING:[Jashn]:Authentication Error
2015-05-19 21:50:36 FATAL:[Anishka]:OutputCommitter set in config null
2015-06-21 13:15:03 DEBUG:[Anishka]:Execution Error
2020-01-11 23:55:10 CRITICAL:[Jashn]:OutputCommitter set in config null
2020-05-09 02:10:41 DEBUG:[Viksit]:Connection Failed
2021-08-21 01:48:07 INFO:[Manas]:Execution Error
2021-11-15 04:16:43 WARNING:[Jashn]:OutputCommitter set in config null
2019-03-17 05:00:52 FATAL:[Anubhav]:Proxy Error
2016-12-03 22:38:03 FATAL:[Manas]:Authentication Error
2015-11-05 03:43:22 WARNING:[Manas]:Connection Failed
2016-04-08 13:07:04 INFO:[Manas]:OutputCommitter set in config null
2018-02-23 01:19:01 FATAL:[Jashn]:Authentication Error
2018-10-03 11:23:09 INFO:[Jashn]:Connection Failed
2015-07-10 19:48:25 DEBUG:[Viksit]:OutputCommitter set in config null
2021-03-02 17:19:54 WARNING:[Jashn]:Proxy Error
2017-10-13 10:31:36 ERROR:[Jashn]:Proxy Error
2021-04-20 15:17:13 FATAL:[Manas]:Proxy Error
2021-02-04 02:54:17 INFO:[Manas]:Proxy Error
2020-03-13 15:34:04 WARNING:[Jashn]:Authentication Error
2015-05-19 00:26:52 ERROR:[Manas]:Execution Error
2019-08-21 14:21:39 ERROR:[Manas]:Execution Error
2019-04-07 19:05:50 ERROR:[Manas]:Connection Failed
2018-10-22 10:27:30 INFO:[Anubhav]:Authentication Error
2020-08-13 22:51:17 CRITICAL:[Jashn]:Connection Failed
2016-07-13 08:23:11 CRITICAL:[Jashn]:Authentication Error
2016-12-17 22:40:15 WARNING:[Viksit]:Authentication Error
2015-11-16 19:52:06 FATAL:[Viksit]:Proxy Error
2015-12-21 12:53:19 CRITICAL:[Anubhav]:Authentication Error
2018-09-29 10:36:06 WARNING:[Anubhav]:Execution Error
2016-04-23 13:00:50 WARNING:[Anubhav]:Proxy Error
2017-03-03 15:57:36 DEBUG:[Anubhav]:Proxy Error
2015-05-15 20:25:35 FATAL:[Viksit]:OutputCommitter set in config null
2020-11-03 18:51:34 ERROR:[Manas]:OutputCommitter set in config null
2015-09-29 02:08:21 WARNING:[Jashn]:OutputCommitter set in config null
2017-01-24 08:21:26 INFO:[Viksit]:Authentication Error
2021-03-18 23:46:01 INFO:[Viksit]:Connection Failed
2020-01-08 20:28:03 FATAL:[Anishka]:Authentication Error
2019-12-14 09:20:03 FATAL:[Manas]:Authentication Error
2021-09-27 13:02:41 DEBUG:[Manas]:Authentication Error
2017-02-18 01:26:07 FATAL:[Viksit]:OutputCommitter set in config null
2021-11-03 16:44:46 WARNING:[Anubhav]:Proxy Error
2019-05-09 12:50:47 FATAL:[Anishka]:Authentication Error
2018-09-24 17:17:38 INFO:[Viksit]:Proxy Error
2019-01-23 02:53:22 ERROR:[Anishka]:Authentication Error
2018-04-23 22:32:38 CRITICAL:[Jashn]:OutputCommitter set in config null
2020-07-10 17:27:32 FATAL:[Anubhav]:Connection Failed
2017-02-26 14:32:21 INFO:[Jashn]:OutputCommitter set in config null
2017-11-29 18:50:25 FATAL:[Anubhav]:OutputCommitter set in config null
2016-04-03 02:19:24 ERROR:[Jashn]:Proxy Error
2020-01-11 11:00:34 FATAL:[Jashn]:Execution Error
2021-03-25 18:18:49 DEBUG:[Jashn]:OutputCommitter set in config null
2020-02-06 00:53:39 CRITICAL:[Anubhav]:Connection Failed
